2019-12-18 11:45:26 INFO::Initializing logger...
2019-12-18 11:45:26 INFO::Welcome to Dream.TK v0.8
2019-12-18 11:45:26 INFO::Running on 18-12-2019 11:45:26
2019-12-18 11:45:26 INFO::-------------------------------------------------
2019-12-18 11:45:26 INFO::Starting function imports...
2019-12-18 11:45:26 DEBUG::Imported ./www/busyIndicator.R
2019-12-18 11:45:26 DEBUG::Imported ./scripts/io_import_dreamtk/class_Database_MySQL.R
2019-12-18 11:45:26 DEBUG::Imported ./scripts/io_import_dreamtk/class_dataimporter_dreamtk.R
2019-12-18 11:45:26 DEBUG::Imported ./scripts/io_import_dreamtk/class_dataimporter_dreamtk_basicData.R
2019-12-18 11:45:26 DEBUG::Imported ./scripts/io_import_dreamtk/class_dataimporter_dreamtk_css3compss.R
2019-12-18 11:45:26 DEBUG::Imported ./scripts/io_import_dreamtk/class_dataimporter_dreamtk_fubpolynomial.R
2019-12-18 11:45:26 DEBUG::Imported ./scripts/io_import_dreamtk/class_dataimporter_dreamtk_fubpoulinhaddad2012.R
2019-12-18 11:45:26 DEBUG::Imported ./scripts/io_import_dreamtk/class_dataparser_dreamtk.R
2019-12-18 11:45:26 DEBUG::Imported ./scripts/io_import_dreamtk/killMySQLDBConnections.R
2019-12-18 11:45:26 DEBUG::Imported ./scripts/model/class_local_model.R
2019-12-18 11:45:26 DEBUG::Imported ./scripts/model/class_localmodel_css3compss.R
2019-12-18 11:45:26 DEBUG::Imported ./scripts/model/class_localmodel_fubpolynomial.R
2019-12-18 11:45:26 DEBUG::Imported ./scripts/model/class_localmodel_oed1storder.R
2019-12-18 11:45:26 DEBUG::Imported ./scripts/chemical_manager/class_chemical.R
2019-12-18 11:45:26 DEBUG::Imported ./scripts/chemical_manager/class_chemical_manager.R
2019-12-18 11:45:26 DEBUG::Imported ./scripts/chemical_manager/printFunctions.R
2019-12-18 11:45:26 DEBUG::Imported ./scripts/analysis/class_analysis_BasicAnalysis.R
2019-12-18 11:45:26 DEBUG::Imported ./scripts/analysis/class_analysis_BERAnalysis.r
2019-12-18 11:45:26 DEBUG::Imported ./scripts/analysis/class_analysis_BERData.r
2019-12-18 11:45:26 DEBUG::Imported ./scripts/analysis/class_analysis_data.R
2019-12-18 11:45:26 DEBUG::Imported ./scripts/analysis/class_analysis_MFA.R
2019-12-18 11:45:26 DEBUG::Imported ./scripts/analysis/multiplot.R
2019-12-18 11:45:27 DEBUG::Imported ./app/app_server.R
2019-12-18 11:45:27 DEBUG::Imported ./app/app_support.R
2019-12-18 11:45:27 DEBUG::Imported ./app/app_tutorial.R
2019-12-18 11:45:27 DEBUG::Imported ./app/app_ui.R
2019-12-18 11:45:29 INFO::Importing from R data file ...
2019-12-18 11:45:30 INFO::Importing dreamtk v1.0 chemical data...
2019-12-18 11:45:31 DEBUG::DataImporter.dreamtk found and loaded chemical_data data.
2019-12-18 11:45:31 INFO::Importing dreamtk v1.0 physiology data...
2019-12-18 11:45:33 DEBUG::DataImporter.dreamtk found and loaded physiology_data data.
2019-12-18 11:45:33 INFO::Importing dreamtk v1.0 assay info...
2019-12-18 11:45:35 DEBUG::DataImporter.dreamtk found and loaded ac50_data data.
2019-12-18 11:45:40 DEBUG::DataImporter.dreamtk found and loaded assay_data data.
2019-12-18 11:45:41 INFO::Importing from R data file ...
2019-12-18 11:45:41 INFO::Importing dreamtk v1.0 CPDat data...
2019-12-18 11:45:43 DEBUG::DataImporter.dreamtk found and loaded cpdat_data data.
2019-12-18 11:45:43 INFO::Importing dreamtk v1.0 Sheds data...
2019-12-18 11:45:45 DEBUG::DataImporter.dreamtk found and loaded shedsinfo_data data.
2019-12-18 11:45:45 DEBUG::ChemicalManager$sortChemicalsByValueList(): Nothing to sort.
